[INFO ] 2026-03-31 16:12:25.834 [main] RestAssuredAutomationFramework - Create User Executed
[INFO ] 2026-03-31 16:12:27.097 [main] RestAssuredAutomationFramework - Get User Executed
[INFO ] 2026-03-31 16:12:28.299 [main] RestAssuredAutomationFramework - Update User Executed
[INFO ] 2026-03-31 16:12:29.440 [main] RestAssuredAutomationFramework - Deleted User Executed
[INFO ] 2026-03-31 17:19:56.529 [main] RestAssuredAutomationFramework - Create User Executed
[INFO ] 2026-03-31 17:19:58.173 [main] RestAssuredAutomationFramework - Get User Executed
[INFO ] 2026-03-31 17:19:59.785 [main] RestAssuredAutomationFramework - Update User Executed
[INFO ] 2026-03-31 17:20:01.376 [main] RestAssuredAutomationFramework - Delete User Executed
[INFO ] 2026-03-31 17:40:58.862 [main] RestAssuredAutomationFramework - Create User Executed
[INFO ] 2026-03-31 17:41:00.400 [main] RestAssuredAutomationFramework - Get User Executed
[INFO ] 2026-03-31 17:41:01.897 [main] RestAssuredAutomationFramework - Update User Executed
[INFO ] 2026-03-31 17:41:03.356 [main] RestAssuredAutomationFramework - Delete User Executed
[INFO ] 2026-03-31 18:04:32.900 [main] RestAssuredAutomationFramework - Create User Executed
[INFO ] 2026-03-31 18:04:34.197 [main] RestAssuredAutomationFramework - Get User Executed
[INFO ] 2026-03-31 18:04:35.403 [main] RestAssuredAutomationFramework - Update User Executed
[INFO ] 2026-03-31 18:04:36.651 [main] RestAssuredAutomationFramework - Delete User Executed
[INFO ] 2026-03-31 18:05:07.824 [main] RestAssuredAutomationFramework - Create User Executed
[INFO ] 2026-03-31 18:05:09.065 [main] RestAssuredAutomationFramework - Get User Executed
[INFO ] 2026-03-31 18:05:10.326 [main] RestAssuredAutomationFramework - Update User Executed
[INFO ] 2026-03-31 18:05:11.454 [main] RestAssuredAutomationFramework - Delete User Executed
[INFO ] 2026-03-31 18:09:01.525 [main] RestAssuredAutomationFramework - Create User Executed
[INFO ] 2026-03-31 18:09:02.860 [main] RestAssuredAutomationFramework - Get User Executed
[INFO ] 2026-03-31 18:09:04.098 [main] RestAssuredAutomationFramework - Update User Executed
[INFO ] 2026-03-31 18:09:05.294 [main] RestAssuredAutomationFramework - Delete User Executed
